Base path: C:/Program Files (x86)/Unity/Editor/Data
Pipe name: \\.\pipe\UnityShaderCompiler-4-6544
Cmd: getPlatforms
Cmd: compileSnippet
  api=1 type=0 insize=6427 outsize=649 kw=DIRECTIONAL SHADOWS_OFF LIGHTMAP_ON DIRLIGHTMAP_OFF ok=1
Cmd: compileSnippet
  api=0 type=0 insize=6427 outsize=1919 kw=DIRECTIONAL SHADOWS_SCREEN LIGHTMAP_OFF DIRLIGHTMAP_OFF ok=1
Cmd: compileSnippet
  api=4 type=0 insize=6427 outsize=3492 kw=DIRECTIONAL SHADOWS_SCREEN LIGHTMAP_ON DIRLIGHTMAP_OFF ok=1
Cmd: compileSnippet
  api=1 type=0 insize=6427 outsize=2000 kw=DIRECTIONAL SHADOWS_SCREEN LIGHTMAP_OFF DIRLIGHTMAP_OFF VERTEXLIGHT_ON ok=1
Cmd: compileSnippet
  api=1 type=1 insize=6427 outsize=1216 kw=DIRECTIONAL SHADOWS_OFF LIGHTMAP_OFF DIRLIGHTMAP_OFF ok=1
Cmd: compileSnippet
  api=0 type=1 insize=6427 outsize=943 kw=DIRECTIONAL SHADOWS_SCREEN LIGHTMAP_ON DIRLIGHTMAP_OFF ok=1
Cmd: compileSnippet
  api=1 type=0 insize=3520 outsize=846 kw=POINT ok=1
Cmd: compileSnippet
  api=1 type=0 insize=3520 outsize=864 kw=SPOT ok=1
Cmd: compileSnippet
  api=4 type=0 insize=3520 outsize=3630 kw=POINT_COOKIE ok=1
Cmd: compileSnippet
  api=0 type=1 insize=3520 outsize=1046 kw=DIRECTIONAL ok=1
Cmd: compileSnippet
  api=4 type=1 insize=3520 outsize=3947 kw=SPOT ok=1
Cmd: compileSnippet
  api=4 type=1 insize=3520 outsize=3638 kw=POINT_COOKIE ok=1
Unhandled exception: Readfile from pipe failed. GLE=De pipe is beëindigd.


Quitting shader compiler process
