Base path: C:/Program Files (x86)/Unity/Editor/Data
Pipe name: \\.\pipe\UnityShaderCompiler-2-4700
Cmd: getPlatforms
Cmd: compileSnippet
  api=1 type=0 insize=6427 outsize=1307 kw=DIRECTIONAL SHADOWS_OFF LIGHTMAP_OFF DIRLIGHTMAP_OFF ok=1
Cmd: compileSnippet
  api=1 type=0 insize=6427 outsize=1435 kw=DIRECTIONAL SHADOWS_SCREEN LIGHTMAP_OFF DIRLIGHTMAP_OFF ok=1
Cmd: compileSnippet
  api=0 type=0 insize=6427 outsize=2483 kw=DIRECTIONAL SHADOWS_OFF LIGHTMAP_OFF DIRLIGHTMAP_OFF VERTEXLIGHT_ON ok=1
Cmd: compileSnippet
  api=0 type=1 insize=6427 outsize=778 kw=DIRECTIONAL SHADOWS_OFF LIGHTMAP_ON DIRLIGHTMAP_OFF ok=1
Cmd: compileSnippet
  api=4 type=1 insize=6427 outsize=2493 kw=DIRECTIONAL SHADOWS_OFF LIGHTMAP_ON DIRLIGHTMAP_OFF ok=1
Cmd: compileSnippet
  api=0 type=0 insize=3520 outsize=1027 kw=DIRECTIONAL ok=1
Cmd: compileSnippet
  api=0 type=0 insize=3520 outsize=1318 kw=POINT_COOKIE ok=1
Cmd: compileSnippet
  api=1 type=0 insize=3520 outsize=801 kw=DIRECTIONAL_COOKIE ok=1
Cmd: compileSnippet
  api=1 type=1 insize=3520 outsize=1132 kw=POINT ok=1
Cmd: compileSnippet
  api=1 type=1 insize=3520 outsize=1272 kw=SPOT ok=1
Cmd: compileSnippet
  api=1 type=1 insize=3520 outsize=1060 kw=DIRECTIONAL_COOKIE ok=1
Unhandled exception: Readfile from pipe failed. GLE=De pipe is beëindigd.


Quitting shader compiler process
